This file contains any messages produced by compilers while
running configure, to aid debugging if configure makes a mistake.

It was created by xfig configure 3.2.8b, which was
generated by GNU Autoconf 2.71.  Invocation command line was

  $ ./configure LDFLAGS=-L/opt/local/lib CPPFLAGS=-I/opt/local/include --with-appdefaultdir=/opt/X11/share/X11/app-defaults

## --------- ##
## Platform. ##
## --------- ##

hostname = Gavins-MacBook-Pro.local
uname -m = arm64
uname -r = 20.6.0
uname -s = Darwin
uname -v = Darwin Kernel Version 20.6.0: Wed Jun 23 00:26:27 PDT 2021; root:xnu-7195.141.2~5/RELEASE_ARM64_T8101

/usr/bin/uname -p = arm
/bin/uname -X     = unknown

/bin/arch              = unknown
/usr/bin/arch -k       = unknown
/usr/convex/getsysinfo = unknown
/usr/bin/hostinfo      = Mach kernel version:
	 Darwin Kernel Version 20.6.0: Wed Jun 23 00:26:27 PDT 2021; root:xnu-7195.141.2~5/RELEASE_ARM64_T8101
Kernel configured for up to 8 processors.
8 processors are physically available.
8 processors are logically available.
Processor type: arm64e (ARM64E)
Processors active: 0 1 2 3 4 5 6 7
Primary memory available: 16.00 gigabytes
Default processor set: 485 tasks, 2444 threads, 8 processors
Load average: 1.59, Mach factor: 6.40
/bin/machine           = unknown
/usr/bin/oslevel       = unknown
/bin/universe          = unknown

PATH: /opt/local/bin/
PATH: /opt/local/sbin/
PATH: /opt/homebrew/bin/
PATH: /opt/homebrew/sbin/
PATH: /usr/local/bin/
PATH: /usr/bin/
PATH: /bin/
PATH: /usr/sbin/
PATH: /sbin/
PATH: /usr/local/
PATH: /opt/X11/bin/
PATH: /Library/Apple/usr/bin/


## ----------- ##
## Core tests. ##
## ----------- ##

configure:2631: looking for aux files: ar-lib compile missing install-sh
configure:2644:  trying ./
configure:2673:   ./ar-lib found
configure:2673:   ./compile found
configure:2673:   ./missing found
configure:2655:   ./install-sh found
configure:2817: checking for a BSD-compatible install
configure:2890: result: /usr/bin/install -c
configure:2901: checking whether build environment is sane
configure:2956: result: yes
configure:3115: checking for a race-free mkdir -p
configure:3159: result: ./install-sh -c -d
configure:3166: checking for gawk
configure:3201: result: no
configure:3166: checking for mawk
configure:3201: result: no
configure:3166: checking for nawk
configure:3201: result: no
configure:3166: checking for awk
configure:3187: found /usr/bin/awk
configure:3198: result: awk
configure:3209: checking whether make sets $(MAKE)
configure:3232: result: yes
configure:3262: checking whether make supports nested variables
configure:3280: result: yes
configure:3477: checking for gcc
configure:3498: found /usr/bin/gcc
configure:3509: result: gcc
configure:3862: checking for C compiler version
configure:3871: gcc --version >&5
Apple clang version 12.0.5 (clang-1205.0.22.11)
Target: arm64-apple-darwin20.6.0
Thread model: posix
InstalledDir: /Library/Developer/CommandLineTools/usr/bin
Configured with: --prefix=/Library/Developer/CommandLineTools/usr --with-gxx-include-dir=/Library/Developer/CommandLineTools/SDKs/MacOSX.sdk/usr/include/c++/4.2.1
configure:3882: $? = 0
configure:3871: gcc -v >&5
Configured with: --prefix=/Library/Developer/CommandLineTools/usr --with-gxx-include-dir=/Library/Developer/CommandLineTools/SDKs/MacOSX.sdk/usr/include/c++/4.2.1
Apple clang version 12.0.5 (clang-1205.0.22.11)
Target: arm64-apple-darwin20.6.0
Thread model: posix
InstalledDir: /Library/Developer/CommandLineTools/usr/bin
configure:3882: $? = 0
configure:3871: gcc -V >&5
clang: error: argument to '-V' is missing (expected 1 value)
clang: error: no input files
configure:3882: $? = 1
configure:3871: gcc -qversion >&5
clang: error: unknown argument '-qversion'; did you mean '--version'?
clang: error: no input files
configure:3882: $? = 1
configure:3871: gcc -version >&5
clang: error: unknown argument '-version'; did you mean '--version'?
clang: error: no input files
configure:3882: $? = 1
configure:3902: checking whether the C compiler works
configure:3924: gcc  -I/opt/local/include -L/opt/local/lib conftest.c  >&5
configure:3928: $? = 0
configure:3978: result: yes
configure:3981: checking for C compiler default output file name
configure:3983: result: a.out
configure:3989: checking for suffix of executables
configure:3996: gcc -o conftest  -I/opt/local/include -L/opt/local/lib conftest.c  >&5
configure:4000: $? = 0
configure:4023: result: 
configure:4045: checking whether we are cross compiling
configure:4053: gcc -o conftest  -I/opt/local/include -L/opt/local/lib conftest.c  >&5
configure:4057: $? = 0
configure:4064: ./conftest
configure:4068: $? = 0
configure:4083: result: no
configure:4088: checking for suffix of object files
configure:4111: gcc -c  -I/opt/local/include conftest.c >&5
configure:4115: $? = 0
configure:4137: result: o
configure:4141: checking whether the compiler supports GNU C
configure:4161: gcc -c  -I/opt/local/include conftest.c >&5
configure:4161: $? = 0
configure:4171: result: yes
configure:4182: checking whether gcc accepts -g
configure:4203: gcc -c -g -I/opt/local/include conftest.c >&5
configure:4203: $? = 0
configure:4247: result: yes
configure:4267: checking for gcc option to enable C11 features
configure:4282: gcc  -c -g -O2 -I/opt/local/include conftest.c >&5
configure:4282: $? = 0
configure:4300: result: none needed
configure:4416: checking whether gcc understands -c and -o together
configure:4439: gcc -c conftest.c -o conftest2.o
configure:4442: $? = 0
configure:4439: gcc -c conftest.c -o conftest2.o
configure:4442: $? = 0
configure:4454: result: yes
configure:4474: checking whether make supports the include directive
configure:4489: make -f confmf.GNU && cat confinc.out
this is the am__doit target
configure:4492: $? = 0
configure:4511: result: yes (GNU style)
configure:4537: checking dependency style of gcc
configure:4649: result: gcc3
configure:4665: checking for inline
configure:4682: gcc -c -g -O2 -I/opt/local/include conftest.c >&5
configure:4682: $? = 0
configure:4691: result: inline
configure:4709: checking for grep that handles long lines and -e
configure:4773: result: /usr/bin/grep
configure:4778: checking for fgrep
configure:4846: result: /usr/bin/grep -F
configure:4851: checking whether ln -s works
configure:4855: result: yes
configure:4914: checking for ranlib
configure:4935: found /usr/bin/ranlib
configure:4946: result: ranlib
configure:4968: checking for a sed that does not truncate output
configure:5038: result: /usr/bin/sed
configure:5098: checking for ar
configure:5119: found /usr/bin/ar
configure:5130: result: ar
configure:5156: checking the archiver (ar) interface
configure:5173: gcc -c -g -O2 -I/opt/local/include conftest.c >&5
configure:5173: $? = 0
configure:5176: ar cru libconftest.a conftest.o >&5
configure:5179: $? = 0
configure:5207: result: ar
configure:5237: checking for library containing pow
configure:5267: gcc -o conftest -g -O2 -I/opt/local/include -L/opt/local/lib conftest.c  >&5
conftest.c:17:6: warning: incompatible redeclaration of library function 'pow' [-Wincompatible-library-redeclaration]
char pow ();
     ^
conftest.c:17:6: note: 'pow' is a builtin with type 'double (double, double)'
1 warning generated.
configure:5267: $? = 0
configure:5287: result: none required
configure:5301: checking for dirent.h that defines DIR
configure:5321: gcc -c -g -O2 -I/opt/local/include conftest.c >&5
configure:5321: $? = 0
configure:5330: result: yes
configure:5344: checking for library containing opendir
configure:5374: gcc -o conftest -g -O2 -I/opt/local/include -L/opt/local/lib conftest.c  >&5
configure:5374: $? = 0
configure:5394: result: none required
configure:5469: checking for stdio.h
configure:5469: gcc -c -g -O2 -I/opt/local/include conftest.c >&5
configure:5469: $? = 0
configure:5469: result: yes
configure:5469: checking for stdlib.h
configure:5469: gcc -c -g -O2 -I/opt/local/include conftest.c >&5
configure:5469: $? = 0
configure:5469: result: yes
configure:5469: checking for string.h
configure:5469: gcc -c -g -O2 -I/opt/local/include conftest.c >&5
configure:5469: $? = 0
configure:5469: result: yes
configure:5469: checking for inttypes.h
configure:5469: gcc -c -g -O2 -I/opt/local/include conftest.c >&5
configure:5469: $? = 0
configure:5469: result: yes
configure:5469: checking for stdint.h
configure:5469: gcc -c -g -O2 -I/opt/local/include conftest.c >&5
configure:5469: $? = 0
configure:5469: result: yes
configure:5469: checking for strings.h
configure:5469: gcc -c -g -O2 -I/opt/local/include conftest.c >&5
configure:5469: $? = 0
configure:5469: result: yes
configure:5469: checking for sys/stat.h
configure:5469: gcc -c -g -O2 -I/opt/local/include conftest.c >&5
configure:5469: $? = 0
configure:5469: result: yes
configure:5469: checking for sys/types.h
configure:5469: gcc -c -g -O2 -I/opt/local/include conftest.c >&5
configure:5469: $? = 0
configure:5469: result: yes
configure:5469: checking for unistd.h
configure:5469: gcc -c -g -O2 -I/opt/local/include conftest.c >&5
configure:5469: $? = 0
configure:5469: result: yes
configure:5469: checking for sys/time.h
configure:5469: gcc -c -g -O2 -I/opt/local/include conftest.c >&5
configure:5469: $? = 0
configure:5469: result: yes
configure:5469: checking for vfork.h
configure:5469: gcc -c -g -O2 -I/opt/local/include conftest.c >&5
conftest.c:52:10: fatal error: 'vfork.h' file not found
#include <vfork.h>
         ^~~~~~~~~
1 error generated.
configure:5469: $? = 1
configure: failed program was:
| /* confdefs.h */
| #define PACKAGE_NAME "xfig"
| #define PACKAGE_TARNAME "xfig"
| #define PACKAGE_VERSION "3.2.8b"
| #define PACKAGE_STRING "xfig 3.2.8b"
| #define PACKAGE_BUGREPORT "thomas.loimer@tuwien.ac.at"
| #define PACKAGE_URL "https://sourceforge.net/projects/mcj/"
| #define PROTOCOL_VERSION "3.2"
| #define RELEASE_YEAR "2021"
| #define PACKAGE "xfig"
| #define VERSION "3.2.8b"
| #define HAVE_DIRENT_H 1
| #define HAVE_STDIO_H 1
| #define HAVE_STDLIB_H 1
| #define HAVE_STRING_H 1
| #define HAVE_INTTYPES_H 1
| #define HAVE_STDINT_H 1
| #define HAVE_STRINGS_H 1
| #define HAVE_SYS_STAT_H 1
| #define HAVE_SYS_TYPES_H 1
| #define HAVE_UNISTD_H 1
| #define HAVE_SYS_TIME_H 1
| /* end confdefs.h.  */
| #include <stddef.h>
| #ifdef HAVE_STDIO_H
| # include <stdio.h>
| #endif
| #ifdef HAVE_STDLIB_H
| # include <stdlib.h>
| #endif
| #ifdef HAVE_STRING_H
| # include <string.h>
| #endif
| #ifdef HAVE_INTTYPES_H
| # include <inttypes.h>
| #endif
| #ifdef HAVE_STDINT_H
| # include <stdint.h>
| #endif
| #ifdef HAVE_STRINGS_H
| # include <strings.h>
| #endif
| #ifdef HAVE_SYS_TYPES_H
| # include <sys/types.h>
| #endif
| #ifdef HAVE_SYS_STAT_H
| # include <sys/stat.h>
| #endif
| #ifdef HAVE_UNISTD_H
| # include <unistd.h>
| #endif
| #include <vfork.h>
configure:5469: result: no
configure:5508: checking how to run the C preprocessor
configure:5534: gcc -E -I/opt/local/include conftest.c
configure:5534: $? = 0
configure:5549: gcc -E -I/opt/local/include conftest.c
conftest.c:25:10: fatal error: 'ac_nonexistent.h' file not found
#include <ac_nonexistent.h>
         ^~~~~~~~~~~~~~~~~~
1 error generated.
configure:5549: $? = 1
configure: failed program was:
| /* confdefs.h */
| #define PACKAGE_NAME "xfig"
| #define PACKAGE_TARNAME "xfig"
| #define PACKAGE_VERSION "3.2.8b"
| #define PACKAGE_STRING "xfig 3.2.8b"
| #define PACKAGE_BUGREPORT "thomas.loimer@tuwien.ac.at"
| #define PACKAGE_URL "https://sourceforge.net/projects/mcj/"
| #define PROTOCOL_VERSION "3.2"
| #define RELEASE_YEAR "2021"
| #define PACKAGE "xfig"
| #define VERSION "3.2.8b"
| #define HAVE_DIRENT_H 1
| #define HAVE_STDIO_H 1
| #define HAVE_STDLIB_H 1
| #define HAVE_STRING_H 1
| #define HAVE_INTTYPES_H 1
| #define HAVE_STDINT_H 1
| #define HAVE_STRINGS_H 1
| #define HAVE_SYS_STAT_H 1
| #define HAVE_SYS_TYPES_H 1
| #define HAVE_UNISTD_H 1
| #define HAVE_SYS_TIME_H 1
| #define STDC_HEADERS 1
| /* end confdefs.h.  */
| #include <ac_nonexistent.h>
configure:5576: result: gcc -E
configure:5590: gcc -E -I/opt/local/include conftest.c
configure:5590: $? = 0
configure:5605: gcc -E -I/opt/local/include conftest.c
conftest.c:25:10: fatal error: 'ac_nonexistent.h' file not found
#include <ac_nonexistent.h>
         ^~~~~~~~~~~~~~~~~~
1 error generated.
configure:5605: $? = 1
configure: failed program was:
| /* confdefs.h */
| #define PACKAGE_NAME "xfig"
| #define PACKAGE_TARNAME "xfig"
| #define PACKAGE_VERSION "3.2.8b"
| #define PACKAGE_STRING "xfig 3.2.8b"
| #define PACKAGE_BUGREPORT "thomas.loimer@tuwien.ac.at"
| #define PACKAGE_URL "https://sourceforge.net/projects/mcj/"
| #define PROTOCOL_VERSION "3.2"
| #define RELEASE_YEAR "2021"
| #define PACKAGE "xfig"
| #define VERSION "3.2.8b"
| #define HAVE_DIRENT_H 1
| #define HAVE_STDIO_H 1
| #define HAVE_STDLIB_H 1
| #define HAVE_STRING_H 1
| #define HAVE_INTTYPES_H 1
| #define HAVE_STDINT_H 1
| #define HAVE_STRINGS_H 1
| #define HAVE_SYS_STAT_H 1
| #define HAVE_SYS_TYPES_H 1
| #define HAVE_UNISTD_H 1
| #define HAVE_SYS_TIME_H 1
| #define STDC_HEADERS 1
| /* end confdefs.h.  */
| #include <ac_nonexistent.h>
configure:5636: checking for X
configure:5674: gcc -o conftest -g -O2 -I/opt/local/include -L/opt/local/lib conftest.c -lX11  >&5
configure:5674: $? = 0
configure:5861: result: libraries , headers 
configure:5884: checking for X11/X.h
configure:5884: gcc -c -g -O2 -I/opt/local/include conftest.c >&5
configure:5884: $? = 0
configure:5884: result: yes
configure:5893: checking for jpeglib.h
configure:5893: gcc -c -g -O2 -I/opt/local/include conftest.c >&5
configure:5893: $? = 0
configure:5893: result: yes
configure:5897: checking for library containing jpeg_read_header
configure:5927: gcc -o conftest -g -O2 -I/opt/local/include -L/opt/local/lib conftest.c  >&5
Undefined symbols for architecture arm64:
  "_jpeg_read_header", referenced from:
      _main in conftest-3823a2.o
ld: symbol(s) not found for architecture arm64
clang: error: linker command failed with exit code 1 (use -v to see invocation)
configure:5927: $? = 1
configure: failed program was:
| /* confdefs.h */
| #define PACKAGE_NAME "xfig"
| #define PACKAGE_TARNAME "xfig"
| #define PACKAGE_VERSION "3.2.8b"
| #define PACKAGE_STRING "xfig 3.2.8b"
| #define PACKAGE_BUGREPORT "thomas.loimer@tuwien.ac.at"
| #define PACKAGE_URL "https://sourceforge.net/projects/mcj/"
| #define PROTOCOL_VERSION "3.2"
| #define RELEASE_YEAR "2021"
| #define PACKAGE "xfig"
| #define VERSION "3.2.8b"
| #define HAVE_DIRENT_H 1
| #define HAVE_STDIO_H 1
| #define HAVE_STDLIB_H 1
| #define HAVE_STRING_H 1
| #define HAVE_INTTYPES_H 1
| #define HAVE_STDINT_H 1
| #define HAVE_STRINGS_H 1
| #define HAVE_SYS_STAT_H 1
| #define HAVE_SYS_TYPES_H 1
| #define HAVE_UNISTD_H 1
| #define HAVE_SYS_TIME_H 1
| #define STDC_HEADERS 1
| /* end confdefs.h.  */
| 
| /* Override any GCC internal prototype to avoid an error.
|    Use char because int might match the return type of a GCC
|    builtin and then its argument prototype would still apply.  */
| char jpeg_read_header ();
| int
| main (void)
| {
| return jpeg_read_header ();
|   ;
|   return 0;
| }
configure:5927: gcc -o conftest -g -O2 -I/opt/local/include -L/opt/local/lib conftest.c -ljpeg   >&5
configure:5927: $? = 0
configure:5947: result: -ljpeg
configure:5969: checking for png.h
configure:5969: gcc -c -g -O2 -I/opt/local/include conftest.c >&5
configure:5969: $? = 0
configure:5969: result: yes
configure:5973: checking for library containing png_read_info
configure:6003: gcc -o conftest -g -O2 -I/opt/local/include -L/opt/local/lib conftest.c -ljpeg  >&5
Undefined symbols for architecture arm64:
  "_png_read_info", referenced from:
      _main in conftest-d6ae3c.o
ld: symbol(s) not found for architecture arm64
clang: error: linker command failed with exit code 1 (use -v to see invocation)
configure:6003: $? = 1
configure: failed program was:
| /* confdefs.h */
| #define PACKAGE_NAME "xfig"
| #define PACKAGE_TARNAME "xfig"
| #define PACKAGE_VERSION "3.2.8b"
| #define PACKAGE_STRING "xfig 3.2.8b"
| #define PACKAGE_BUGREPORT "thomas.loimer@tuwien.ac.at"
| #define PACKAGE_URL "https://sourceforge.net/projects/mcj/"
| #define PROTOCOL_VERSION "3.2"
| #define RELEASE_YEAR "2021"
| #define PACKAGE "xfig"
| #define VERSION "3.2.8b"
| #define HAVE_DIRENT_H 1
| #define HAVE_STDIO_H 1
| #define HAVE_STDLIB_H 1
| #define HAVE_STRING_H 1
| #define HAVE_INTTYPES_H 1
| #define HAVE_STDINT_H 1
| #define HAVE_STRINGS_H 1
| #define HAVE_SYS_STAT_H 1
| #define HAVE_SYS_TYPES_H 1
| #define HAVE_UNISTD_H 1
| #define HAVE_SYS_TIME_H 1
| #define STDC_HEADERS 1
| #define HAVE_JPEG 1
| /* end confdefs.h.  */
| 
| /* Override any GCC internal prototype to avoid an error.
|    Use char because int might match the return type of a GCC
|    builtin and then its argument prototype would still apply.  */
| char png_read_info ();
| int
| main (void)
| {
| return png_read_info ();
|   ;
|   return 0;
| }
configure:6003: gcc -o conftest -g -O2 -I/opt/local/include -L/opt/local/lib conftest.c -lpng  -ljpeg  >&5
configure:6003: $? = 0
configure:6023: result: -lpng
configure:6045: checking for tiffio.h
configure:6045: gcc -c -g -O2 -I/opt/local/include conftest.c >&5
configure:6045: $? = 0
configure:6045: result: yes
configure:6049: checking for library containing TIFFOpen
configure:6079: gcc -o conftest -g -O2 -I/opt/local/include -L/opt/local/lib conftest.c -lpng -ljpeg  >&5
Undefined symbols for architecture arm64:
  "_TIFFOpen", referenced from:
      _main in conftest-a8b4cd.o
ld: symbol(s) not found for architecture arm64
clang: error: linker command failed with exit code 1 (use -v to see invocation)
configure:6079: $? = 1
configure: failed program was:
| /* confdefs.h */
| #define PACKAGE_NAME "xfig"
| #define PACKAGE_TARNAME "xfig"
| #define PACKAGE_VERSION "3.2.8b"
| #define PACKAGE_STRING "xfig 3.2.8b"
| #define PACKAGE_BUGREPORT "thomas.loimer@tuwien.ac.at"
| #define PACKAGE_URL "https://sourceforge.net/projects/mcj/"
| #define PROTOCOL_VERSION "3.2"
| #define RELEASE_YEAR "2021"
| #define PACKAGE "xfig"
| #define VERSION "3.2.8b"
| #define HAVE_DIRENT_H 1
| #define HAVE_STDIO_H 1
| #define HAVE_STDLIB_H 1
| #define HAVE_STRING_H 1
| #define HAVE_INTTYPES_H 1
| #define HAVE_STDINT_H 1
| #define HAVE_STRINGS_H 1
| #define HAVE_SYS_STAT_H 1
| #define HAVE_SYS_TYPES_H 1
| #define HAVE_UNISTD_H 1
| #define HAVE_SYS_TIME_H 1
| #define STDC_HEADERS 1
| #define HAVE_JPEG 1
| #define HAVE_PNG 1
| /* end confdefs.h.  */
| 
| /* Override any GCC internal prototype to avoid an error.
|    Use char because int might match the return type of a GCC
|    builtin and then its argument prototype would still apply.  */
| char TIFFOpen ();
| int
| main (void)
| {
| return TIFFOpen ();
|   ;
|   return 0;
| }
configure:6079: gcc -o conftest -g -O2 -I/opt/local/include -L/opt/local/lib conftest.c -ltiff  -lpng -ljpeg  >&5
ld: warning: dylib (/opt/local/lib/libtiff.dylib) was built for newer macOS version (11.2) than being linked (11.0)
configure:6079: $? = 0
configure:6099: result: -ltiff
configure:6125: checking for ghostscript/iapi.h
configure:6125: gcc -c -g -O2 -I/opt/local/include conftest.c >&5
configure:6125: $? = 0
configure:6125: result: yes
configure:6129: checking for library containing gsapi_revision
configure:6159: gcc -o conftest -g -O2 -I/opt/local/include -L/opt/local/lib conftest.c -ltiff -lpng -ljpeg  >&5
ld: warning: dylib (/opt/local/lib/libtiff.dylib) was built for newer macOS version (11.2) than being linked (11.0)
Undefined symbols for architecture arm64:
  "_gsapi_revision", referenced from:
      _main in conftest-b9798e.o
ld: symbol(s) not found for architecture arm64
clang: error: linker command failed with exit code 1 (use -v to see invocation)
configure:6159: $? = 1
configure: failed program was:
| /* confdefs.h */
| #define PACKAGE_NAME "xfig"
| #define PACKAGE_TARNAME "xfig"
| #define PACKAGE_VERSION "3.2.8b"
| #define PACKAGE_STRING "xfig 3.2.8b"
| #define PACKAGE_BUGREPORT "thomas.loimer@tuwien.ac.at"
| #define PACKAGE_URL "https://sourceforge.net/projects/mcj/"
| #define PROTOCOL_VERSION "3.2"
| #define RELEASE_YEAR "2021"
| #define PACKAGE "xfig"
| #define VERSION "3.2.8b"
| #define HAVE_DIRENT_H 1
| #define HAVE_STDIO_H 1
| #define HAVE_STDLIB_H 1
| #define HAVE_STRING_H 1
| #define HAVE_INTTYPES_H 1
| #define HAVE_STDINT_H 1
| #define HAVE_STRINGS_H 1
| #define HAVE_SYS_STAT_H 1
| #define HAVE_SYS_TYPES_H 1
| #define HAVE_UNISTD_H 1
| #define HAVE_SYS_TIME_H 1
| #define STDC_HEADERS 1
| #define HAVE_JPEG 1
| #define HAVE_PNG 1
| #define HAVE_TIFF 1
| /* end confdefs.h.  */
| 
| /* Override any GCC internal prototype to avoid an error.
|    Use char because int might match the return type of a GCC
|    builtin and then its argument prototype would still apply.  */
| char gsapi_revision ();
| int
| main (void)
| {
| return gsapi_revision ();
|   ;
|   return 0;
| }
configure:6159: gcc -o conftest -g -O2 -I/opt/local/include -L/opt/local/lib conftest.c -lgs  -ltiff -lpng -ljpeg  >&5
ld: warning: dylib (/opt/local/lib/libtiff.dylib) was built for newer macOS version (11.2) than being linked (11.0)
configure:6159: $? = 0
configure:6179: result: -lgs
configure:6206: checking whether byte ordering is bigendian
configure:6222: gcc -c -g -O2 -I/opt/local/include conftest.c >&5
configure:6222: $? = 0
configure:6268: gcc -c -g -O2 -I/opt/local/include conftest.c >&5
configure:6268: $? = 0
configure:6287: gcc -c -g -O2 -I/opt/local/include conftest.c >&5
conftest.c:36:4: error: use of undeclared identifier 'not'
                 not big endian
                 ^
1 error generated.
configure:6287: $? = 1
configure: failed program was:
| /* confdefs.h */
| #define PACKAGE_NAME "xfig"
| #define PACKAGE_TARNAME "xfig"
| #define PACKAGE_VERSION "3.2.8b"
| #define PACKAGE_STRING "xfig 3.2.8b"
| #define PACKAGE_BUGREPORT "thomas.loimer@tuwien.ac.at"
| #define PACKAGE_URL "https://sourceforge.net/projects/mcj/"
| #define PROTOCOL_VERSION "3.2"
| #define RELEASE_YEAR "2021"
| #define PACKAGE "xfig"
| #define VERSION "3.2.8b"
| #define HAVE_DIRENT_H 1
| #define HAVE_STDIO_H 1
| #define HAVE_STDLIB_H 1
| #define HAVE_STRING_H 1
| #define HAVE_INTTYPES_H 1
| #define HAVE_STDINT_H 1
| #define HAVE_STRINGS_H 1
| #define HAVE_SYS_STAT_H 1
| #define HAVE_SYS_TYPES_H 1
| #define HAVE_UNISTD_H 1
| #define HAVE_SYS_TIME_H 1
| #define STDC_HEADERS 1
| #define HAVE_JPEG 1
| #define HAVE_PNG 1
| #define HAVE_TIFF 1
| #define HAVE_GSLIB 1
| /* end confdefs.h.  */
| #include <sys/types.h>
| 		#include <sys/param.h>
| 
| int
| main (void)
| {
| #if BYTE_ORDER != BIG_ENDIAN
| 		 not big endian
| 		#endif
| 
|   ;
|   return 0;
| }
configure:6421: result: no
configure:6439: checking for inline
configure:6465: result: inline
configure:6483: checking for C/C++ restrict keyword
configure:6513: gcc -c -g -O2 -I/opt/local/include conftest.c >&5
configure:6513: $? = 0
configure:6522: result: __restrict__
configure:6534: checking for pid_t
configure:6534: gcc -c -g -O2 -I/opt/local/include conftest.c >&5
configure:6534: $? = 0
configure:6534: gcc -c -g -O2 -I/opt/local/include conftest.c >&5
conftest.c:62:20: error: expected expression
if (sizeof ((pid_t)))
                   ^
1 error generated.
configure:6534: $? = 1
configure: failed program was:
| /* confdefs.h */
| #define PACKAGE_NAME "xfig"
| #define PACKAGE_TARNAME "xfig"
| #define PACKAGE_VERSION "3.2.8b"
| #define PACKAGE_STRING "xfig 3.2.8b"
| #define PACKAGE_BUGREPORT "thomas.loimer@tuwien.ac.at"
| #define PACKAGE_URL "https://sourceforge.net/projects/mcj/"
| #define PROTOCOL_VERSION "3.2"
| #define RELEASE_YEAR "2021"
| #define PACKAGE "xfig"
| #define VERSION "3.2.8b"
| #define HAVE_DIRENT_H 1
| #define HAVE_STDIO_H 1
| #define HAVE_STDLIB_H 1
| #define HAVE_STRING_H 1
| #define HAVE_INTTYPES_H 1
| #define HAVE_STDINT_H 1
| #define HAVE_STRINGS_H 1
| #define HAVE_SYS_STAT_H 1
| #define HAVE_SYS_TYPES_H 1
| #define HAVE_UNISTD_H 1
| #define HAVE_SYS_TIME_H 1
| #define STDC_HEADERS 1
| #define HAVE_JPEG 1
| #define HAVE_PNG 1
| #define HAVE_TIFF 1
| #define HAVE_GSLIB 1
| #define restrict __restrict__
| /* end confdefs.h.  */
| #include <stddef.h>
| #ifdef HAVE_STDIO_H
| # include <stdio.h>
| #endif
| #ifdef HAVE_STDLIB_H
| # include <stdlib.h>
| #endif
| #ifdef HAVE_STRING_H
| # include <string.h>
| #endif
| #ifdef HAVE_INTTYPES_H
| # include <inttypes.h>
| #endif
| #ifdef HAVE_STDINT_H
| # include <stdint.h>
| #endif
| #ifdef HAVE_STRINGS_H
| # include <strings.h>
| #endif
| #ifdef HAVE_SYS_TYPES_H
| # include <sys/types.h>
| #endif
| #ifdef HAVE_SYS_STAT_H
| # include <sys/stat.h>
| #endif
| #ifdef HAVE_UNISTD_H
| # include <unistd.h>
| #endif
| 
| int
| main (void)
| {
| if (sizeof ((pid_t)))
| 	    return 0;
|   ;
|   return 0;
| }
configure:6534: result: yes
configure:6570: checking for size_t
configure:6570: gcc -c -g -O2 -I/opt/local/include conftest.c >&5
configure:6570: $? = 0
configure:6570: gcc -c -g -O2 -I/opt/local/include conftest.c >&5
conftest.c:61:21: error: expected expression
if (sizeof ((size_t)))
                    ^
1 error generated.
configure:6570: $? = 1
configure: failed program was:
| /* confdefs.h */
| #define PACKAGE_NAME "xfig"
| #define PACKAGE_TARNAME "xfig"
| #define PACKAGE_VERSION "3.2.8b"
| #define PACKAGE_STRING "xfig 3.2.8b"
| #define PACKAGE_BUGREPORT "thomas.loimer@tuwien.ac.at"
| #define PACKAGE_URL "https://sourceforge.net/projects/mcj/"
| #define PROTOCOL_VERSION "3.2"
| #define RELEASE_YEAR "2021"
| #define PACKAGE "xfig"
| #define VERSION "3.2.8b"
| #define HAVE_DIRENT_H 1
| #define HAVE_STDIO_H 1
| #define HAVE_STDLIB_H 1
| #define HAVE_STRING_H 1
| #define HAVE_INTTYPES_H 1
| #define HAVE_STDINT_H 1
| #define HAVE_STRINGS_H 1
| #define HAVE_SYS_STAT_H 1
| #define HAVE_SYS_TYPES_H 1
| #define HAVE_UNISTD_H 1
| #define HAVE_SYS_TIME_H 1
| #define STDC_HEADERS 1
| #define HAVE_JPEG 1
| #define HAVE_PNG 1
| #define HAVE_TIFF 1
| #define HAVE_GSLIB 1
| #define restrict __restrict__
| /* end confdefs.h.  */
| #include <stddef.h>
| #ifdef HAVE_STDIO_H
| # include <stdio.h>
| #endif
| #ifdef HAVE_STDLIB_H
| # include <stdlib.h>
| #endif
| #ifdef HAVE_STRING_H
| # include <string.h>
| #endif
| #ifdef HAVE_INTTYPES_H
| # include <inttypes.h>
| #endif
| #ifdef HAVE_STDINT_H
| # include <stdint.h>
| #endif
| #ifdef HAVE_STRINGS_H
| # include <strings.h>
| #endif
| #ifdef HAVE_SYS_TYPES_H
| # include <sys/types.h>
| #endif
| #ifdef HAVE_SYS_STAT_H
| # include <sys/stat.h>
| #endif
| #ifdef HAVE_UNISTD_H
| # include <unistd.h>
| #endif
| int
| main (void)
| {
| if (sizeof ((size_t)))
| 	    return 0;
|   ;
|   return 0;
| }
configure:6570: result: yes
configure:6580: checking for gcc options needed to detect all undeclared functions
configure:6602: gcc -c -g -O2  -I/opt/local/include conftest.c >&5
conftest.c:34:8: error: implicitly declaring library function 'strchr' with type 'char *(const char *, int)' [-Werror,-Wimplicit-function-declaration]
(void) strchr;
       ^
conftest.c:34:8: note: include the header <string.h> or explicitly provide a declaration for 'strchr'
1 error generated.
configure:6602: $? = 1
configure: failed program was:
| /* confdefs.h */
| #define PACKAGE_NAME "xfig"
| #define PACKAGE_TARNAME "xfig"
| #define PACKAGE_VERSION "3.2.8b"
| #define PACKAGE_STRING "xfig 3.2.8b"
| #define PACKAGE_BUGREPORT "thomas.loimer@tuwien.ac.at"
| #define PACKAGE_URL "https://sourceforge.net/projects/mcj/"
| #define PROTOCOL_VERSION "3.2"
| #define RELEASE_YEAR "2021"
| #define PACKAGE "xfig"
| #define VERSION "3.2.8b"
| #define HAVE_DIRENT_H 1
| #define HAVE_STDIO_H 1
| #define HAVE_STDLIB_H 1
| #define HAVE_STRING_H 1
| #define HAVE_INTTYPES_H 1
| #define HAVE_STDINT_H 1
| #define HAVE_STRINGS_H 1
| #define HAVE_SYS_STAT_H 1
| #define HAVE_SYS_TYPES_H 1
| #define HAVE_UNISTD_H 1
| #define HAVE_SYS_TIME_H 1
| #define STDC_HEADERS 1
| #define HAVE_JPEG 1
| #define HAVE_PNG 1
| #define HAVE_TIFF 1
| #define HAVE_GSLIB 1
| #define restrict __restrict__
| /* end confdefs.h.  */
| 
| int
| main (void)
| {
| (void) strchr;
|   ;
|   return 0;
| }
configure:6629: gcc -c -g -O2  -I/opt/local/include conftest.c >&5
configure:6629: $? = 0
configure:6646: result: none needed
configure:6660: checking whether S_IFDIR is declared
configure:6660: gcc -c -g -O2  -I/opt/local/include conftest.c >&5
configure:6660: $? = 0
configure:6660: result: yes
configure:6669: checking whether S_IWRITE is declared
configure:6669: gcc -c -g -O2  -I/opt/local/include conftest.c >&5
configure:6669: $? = 0
configure:6669: result: yes
configure:6678: checking whether REG_NOERROR is declared
configure:6678: gcc -c -g -O2  -I/opt/local/include conftest.c >&5
conftest.c:41:10: error: use of undeclared identifier 'REG_NOERROR'
  (void) REG_NOERROR;
         ^
1 error generated.
configure:6678: $? = 1
configure: failed program was:
| /* confdefs.h */
| #define PACKAGE_NAME "xfig"
| #define PACKAGE_TARNAME "xfig"
| #define PACKAGE_VERSION "3.2.8b"
| #define PACKAGE_STRING "xfig 3.2.8b"
| #define PACKAGE_BUGREPORT "thomas.loimer@tuwien.ac.at"
| #define PACKAGE_URL "https://sourceforge.net/projects/mcj/"
| #define PROTOCOL_VERSION "3.2"
| #define RELEASE_YEAR "2021"
| #define PACKAGE "xfig"
| #define VERSION "3.2.8b"
| #define HAVE_DIRENT_H 1
| #define HAVE_STDIO_H 1
| #define HAVE_STDLIB_H 1
| #define HAVE_STRING_H 1
| #define HAVE_INTTYPES_H 1
| #define HAVE_STDINT_H 1
| #define HAVE_STRINGS_H 1
| #define HAVE_SYS_STAT_H 1
| #define HAVE_SYS_TYPES_H 1
| #define HAVE_UNISTD_H 1
| #define HAVE_SYS_TIME_H 1
| #define STDC_HEADERS 1
| #define HAVE_JPEG 1
| #define HAVE_PNG 1
| #define HAVE_TIFF 1
| #define HAVE_GSLIB 1
| #define restrict __restrict__
| #define HAVE_DECL_S_IFDIR 1
| #define HAVE_DECL_S_IWRITE 1
| /* end confdefs.h.  */
| 	#include <regex.h>
| 
| int
| main (void)
| {
| #ifndef REG_NOERROR
| #ifdef __cplusplus
|   (void) REG_NOERROR;
| #else
|   (void) REG_NOERROR;
| #endif
| #endif
| 
|   ;
|   return 0;
| }
configure:6678: result: no
configure:6692: checking whether the linker accepts -Wl,--allow-multiple-definition
configure:6712: gcc -o conftest -g -O2 -I/opt/local/include -L/opt/local/lib  -Wl,--allow-multiple-definition conftest.c -lgs -ltiff -lpng -ljpeg  >&5
ld: unknown option: --allow-multiple-definition
clang: error: linker command failed with exit code 1 (use -v to see invocation)
configure:6712: $? = 1
configure: failed program was:
| /* confdefs.h */
| #define PACKAGE_NAME "xfig"
| #define PACKAGE_TARNAME "xfig"
| #define PACKAGE_VERSION "3.2.8b"
| #define PACKAGE_STRING "xfig 3.2.8b"
| #define PACKAGE_BUGREPORT "thomas.loimer@tuwien.ac.at"
| #define PACKAGE_URL "https://sourceforge.net/projects/mcj/"
| #define PROTOCOL_VERSION "3.2"
| #define RELEASE_YEAR "2021"
| #define PACKAGE "xfig"
| #define VERSION "3.2.8b"
| #define HAVE_DIRENT_H 1
| #define HAVE_STDIO_H 1
| #define HAVE_STDLIB_H 1
| #define HAVE_STRING_H 1
| #define HAVE_INTTYPES_H 1
| #define HAVE_STDINT_H 1
| #define HAVE_STRINGS_H 1
| #define HAVE_SYS_STAT_H 1
| #define HAVE_SYS_TYPES_H 1
| #define HAVE_UNISTD_H 1
| #define HAVE_SYS_TIME_H 1
| #define STDC_HEADERS 1
| #define HAVE_JPEG 1
| #define HAVE_PNG 1
| #define HAVE_TIFF 1
| #define HAVE_GSLIB 1
| #define restrict __restrict__
| #define HAVE_DECL_S_IFDIR 1
| #define HAVE_DECL_S_IWRITE 1
| #define REG_NOERROR 0
| /* end confdefs.h.  */
| 
| int
| main (void)
| {
| 
|   ;
|   return 0;
| }
configure:6722: result: no
configure:6744: checking for fork
configure:6744: gcc -o conftest -g -O2 -I/opt/local/include -L/opt/local/lib conftest.c -lgs -ltiff -lpng -ljpeg  >&5
ld: warning: dylib (/opt/local/lib/libtiff.dylib) was built for newer macOS version (11.2) than being linked (11.0)
configure:6744: $? = 0
configure:6744: result: yes
configure:6744: checking for vfork
configure:6744: gcc -o conftest -g -O2 -I/opt/local/include -L/opt/local/lib conftest.c -lgs -ltiff -lpng -ljpeg  >&5
conftest.c:50:6: warning: incompatible redeclaration of library function 'vfork' [-Wincompatible-library-redeclaration]
char vfork ();
     ^
conftest.c:50:6: note: 'vfork' is a builtin with type 'int (void)'
1 warning generated.
ld: warning: dylib (/opt/local/lib/libtiff.dylib) was built for newer macOS version (11.2) than being linked (11.0)
configure:6744: $? = 0
configure:6744: result: yes
configure:6744: checking for getcwd
configure:6744: gcc -o conftest -g -O2 -I/opt/local/include -L/opt/local/lib conftest.c -lgs -ltiff -lpng -ljpeg  >&5
ld: warning: dylib (/opt/local/lib/libtiff.dylib) was built for newer macOS version (11.2) than being linked (11.0)
configure:6744: $? = 0
configure:6744: result: yes
configure:6744: checking for setlocale
configure:6744: gcc -o conftest -g -O2 -I/opt/local/include -L/opt/local/lib conftest.c -lgs -ltiff -lpng -ljpeg  >&5
ld: warning: dylib (/opt/local/lib/libtiff.dylib) was built for newer macOS version (11.2) than being linked (11.0)
configure:6744: $? = 0
configure:6744: result: yes
configure:6744: checking for strerror
configure:6744: gcc -o conftest -g -O2 -I/opt/local/include -L/opt/local/lib conftest.c -lgs -ltiff -lpng -ljpeg  >&5
conftest.c:53:6: warning: incompatible redeclaration of library function 'strerror' [-Wincompatible-library-redeclaration]
char strerror ();
     ^
conftest.c:53:6: note: 'strerror' is a builtin with type 'char *(int)'
1 warning generated.
ld: warning: dylib (/opt/local/lib/libtiff.dylib) was built for newer macOS version (11.2) than being linked (11.0)
configure:6744: $? = 0
configure:6744: result: yes
configure:6757: checking for working fork
configure:6781: gcc -o conftest -g -O2 -I/opt/local/include -L/opt/local/lib conftest.c -lgs -ltiff -lpng -ljpeg  >&5
ld: warning: dylib (/opt/local/lib/libtiff.dylib) was built for newer macOS version (11.2) than being linked (11.0)
configure:6781: $? = 0
configure:6781: ./conftest
configure:6781: $? = 0
configure:6792: result: yes
configure:6813: checking for working vfork
configure:6942: result: yes
configure:6972: checking for isascii
configure:6972: gcc -o conftest -g -O2 -I/opt/local/include -L/opt/local/lib conftest.c -lgs -ltiff -lpng -ljpeg  >&5
ld: warning: dylib (/opt/local/lib/libtiff.dylib) was built for newer macOS version (11.2) than being linked (11.0)
configure:6972: $? = 0
configure:6972: result: yes
configure:6985: checking for strstr
configure:6985: gcc -o conftest -g -O2 -I/opt/local/include -L/opt/local/lib conftest.c -lgs -ltiff -lpng -ljpeg  >&5
conftest.c:57:6: warning: incompatible redeclaration of library function 'strstr' [-Wincompatible-library-redeclaration]
char strstr ();
     ^
conftest.c:57:6: note: 'strstr' is a builtin with type 'char *(const char *, const char *)'
1 warning generated.
ld: warning: dylib (/opt/local/lib/libtiff.dylib) was built for newer macOS version (11.2) than being linked (11.0)
configure:6985: $? = 0
configure:6985: result: yes
configure:6998: checking for strchr
configure:6998: gcc -o conftest -g -O2 -I/opt/local/include -L/opt/local/lib conftest.c -lgs -ltiff -lpng -ljpeg  >&5
conftest.c:58:6: warning: incompatible redeclaration of library function 'strchr' [-Wincompatible-library-redeclaration]
char strchr ();
     ^
conftest.c:58:6: note: 'strchr' is a builtin with type 'char *(const char *, int)'
1 warning generated.
ld: warning: dylib (/opt/local/lib/libtiff.dylib) was built for newer macOS version (11.2) than being linked (11.0)
configure:6998: $? = 0
configure:6998: result: yes
configure:7011: checking for strrchr
configure:7011: gcc -o conftest -g -O2 -I/opt/local/include -L/opt/local/lib conftest.c -lgs -ltiff -lpng -ljpeg  >&5
conftest.c:59:6: warning: incompatible redeclaration of library function 'strrchr' [-Wincompatible-library-redeclaration]
char strrchr ();
     ^
conftest.c:59:6: note: 'strrchr' is a builtin with type 'char *(const char *, int)'
1 warning generated.
ld: warning: dylib (/opt/local/lib/libtiff.dylib) was built for newer macOS version (11.2) than being linked (11.0)
configure:7011: $? = 0
configure:7011: result: yes
configure:7024: checking for strcasecmp
configure:7024: gcc -o conftest -g -O2 -I/opt/local/include -L/opt/local/lib conftest.c -lgs -ltiff -lpng -ljpeg  >&5
conftest.c:60:6: warning: incompatible redeclaration of library function 'strcasecmp' [-Wincompatible-library-redeclaration]
char strcasecmp ();
     ^
conftest.c:60:6: note: 'strcasecmp' is a builtin with type 'int (const char *, const char *)'
1 warning generated.
ld: warning: dylib (/opt/local/lib/libtiff.dylib) was built for newer macOS version (11.2) than being linked (11.0)
configure:7024: $? = 0
configure:7024: result: yes
configure:7037: checking for strncasecmp
configure:7037: gcc -o conftest -g -O2 -I/opt/local/include -L/opt/local/lib conftest.c -lgs -ltiff -lpng -ljpeg  >&5
conftest.c:61:6: warning: incompatible redeclaration of library function 'strncasecmp' [-Wincompatible-library-redeclaration]
char strncasecmp ();
     ^
conftest.c:61:6: note: 'strncasecmp' is a builtin with type 'int (const char *, const char *, unsigned long)'
1 warning generated.
ld: warning: dylib (/opt/local/lib/libtiff.dylib) was built for newer macOS version (11.2) than being linked (11.0)
configure:7037: $? = 0
configure:7037: result: yes
configure:7050: checking for strdup
configure:7050: gcc -o conftest -g -O2 -I/opt/local/include -L/opt/local/lib conftest.c -lgs -ltiff -lpng -ljpeg  >&5
conftest.c:62:6: warning: incompatible redeclaration of library function 'strdup' [-Wincompatible-library-redeclaration]
char strdup ();
     ^
conftest.c:62:6: note: 'strdup' is a builtin with type 'char *(const char *)'
1 warning generated.
ld: warning: dylib (/opt/local/lib/libtiff.dylib) was built for newer macOS version (11.2) than being linked (11.0)
configure:7050: $? = 0
configure:7050: result: yes
configure:7063: checking for strndup
configure:7063: gcc -o conftest -g -O2 -I/opt/local/include -L/opt/local/lib conftest.c -lgs -ltiff -lpng -ljpeg  >&5
conftest.c:63:6: warning: incompatible redeclaration of library function 'strndup' [-Wincompatible-library-redeclaration]
char strndup ();
     ^
conftest.c:63:6: note: 'strndup' is a builtin with type 'char *(const char *, unsigned long)'
1 warning generated.
ld: warning: dylib (/opt/local/lib/libtiff.dylib) was built for newer macOS version (11.2) than being linked (11.0)
configure:7063: $? = 0
configure:7063: result: yes
configure:7189: checking for library containing XpmFree
configure:7219: gcc -o conftest -g -O2 -I/opt/local/include -L/opt/local/lib conftest.c -lgs -ltiff -lpng -ljpeg  >&5
ld: warning: dylib (/opt/local/lib/libtiff.dylib) was built for newer macOS version (11.2) than being linked (11.0)
Undefined symbols for architecture arm64:
  "_XpmFree", referenced from:
      _main in conftest-65e515.o
ld: symbol(s) not found for architecture arm64
clang: error: linker command failed with exit code 1 (use -v to see invocation)
configure:7219: $? = 1
configure: failed program was:
| /* confdefs.h */
| #define PACKAGE_NAME "xfig"
| #define PACKAGE_TARNAME "xfig"
| #define PACKAGE_VERSION "3.2.8b"
| #define PACKAGE_STRING "xfig 3.2.8b"
| #define PACKAGE_BUGREPORT "thomas.loimer@tuwien.ac.at"
| #define PACKAGE_URL "https://sourceforge.net/projects/mcj/"
| #define PROTOCOL_VERSION "3.2"
| #define RELEASE_YEAR "2021"
| #define PACKAGE "xfig"
| #define VERSION "3.2.8b"
| #define HAVE_DIRENT_H 1
| #define HAVE_STDIO_H 1
| #define HAVE_STDLIB_H 1
| #define HAVE_STRING_H 1
| #define HAVE_INTTYPES_H 1
| #define HAVE_STDINT_H 1
| #define HAVE_STRINGS_H 1
| #define HAVE_SYS_STAT_H 1
| #define HAVE_SYS_TYPES_H 1
| #define HAVE_UNISTD_H 1
| #define HAVE_SYS_TIME_H 1
| #define STDC_HEADERS 1
| #define HAVE_JPEG 1
| #define HAVE_PNG 1
| #define HAVE_TIFF 1
| #define HAVE_GSLIB 1
| #define restrict __restrict__
| #define HAVE_DECL_S_IFDIR 1
| #define HAVE_DECL_S_IWRITE 1
| #define REG_NOERROR 0
| #define HAVE_FORK 1
| #define HAVE_VFORK 1
| #define HAVE_GETCWD 1
| #define HAVE_SETLOCALE 1
| #define HAVE_STRERROR 1
| #define HAVE_WORKING_VFORK 1
| #define HAVE_WORKING_FORK 1
| #define HAVE_ISASCII 1
| #define HAVE_STRSTR 1
| #define HAVE_STRCHR 1
| #define HAVE_STRRCHR 1
| #define HAVE_STRCASECMP 1
| #define HAVE_STRNCASECMP 1
| #define HAVE_STRDUP 1
| #define HAVE_STRNDUP 1
| #define ARROWS4TO14 1
| #define I18N 1
| #define I18N_USE_PREEDIT 1
| #define GSEXE "gs"
| #define CACHE_SIZE_LIMIT 20000
| /* end confdefs.h.  */
| 
| /* Override any GCC internal prototype to avoid an error.
|    Use char because int might match the return type of a GCC
|    builtin and then its argument prototype would still apply.  */
| char XpmFree ();
| int
| main (void)
| {
| return XpmFree ();
|   ;
|   return 0;
| }
configure:7219: gcc -o conftest -g -O2 -I/opt/local/include -L/opt/local/lib conftest.c -lXpm  -lgs -ltiff -lpng -ljpeg  >&5
ld: warning: dylib (/opt/local/lib/libtiff.dylib) was built for newer macOS version (11.2) than being linked (11.0)
configure:7219: $? = 0
configure:7239: result: -lXpm
configure:7738: checking that generated files are newer than configure
configure:7744: result: done
configure:7808: creating ./config.status

## ---------------------- ##
## Running config.status. ##
## ---------------------- ##

This file was extended by xfig config.status 3.2.8b, which was
generated by GNU Autoconf 2.71.  Invocation command line was

  CONFIG_FILES    = 
  CONFIG_HEADERS  = 
  CONFIG_LINKS    = 
  CONFIG_COMMANDS = 
  $ ./config.status 

on Gavins-MacBook-Pro.local

config.status:943: creating Makefile
config.status:943: creating app-defaults/Fig
config.status:943: creating splash-image/spl_bckgnd.fig
config.status:943: creating src/Makefile
config.status:943: creating src/version.fig
config.status:943: creating doc/html/images/xfig-title.fig
config.status:943: creating doc/Makefile
config.status:943: creating doc/xfig.man
config.status:943: creating doc/xfig_man.html
config.status:943: creating tests/Makefile
config.status:943: creating tests/atlocal
config.status:943: creating config.h
config.status:1172: executing depfiles commands
config.status:1249: cd src       && sed -e '/# am--include-marker/d' Makefile         | make -f - am--depfiles
config.status:1254: $? = 0
config.status:1249: cd tests       && sed -e '/# am--include-marker/d' Makefile         | make -f - am--depfiles
config.status:1254: $? = 0
config.status:1172: executing tests/atconfig commands
configure:9162:
  Compile, CC=gcc XCPPFLAGS=-DXAW_INTERNATIONALIZATION \
	CPPFLAGS=-I/opt/local/include CFLAGS=-g -O2
  Link, gcc CFLAGS=-g -O2 XLDFLAGS=<empty> \
	LDFLAGS=-L/opt/local/lib <object> \
	XLIBS=-lXaw3d -lXt -lX11 LIBS=-lXpm -lgs -ltiff -lpng -ljpeg 

Installation locations:
  /opt/X11/share/X11/app-defaults/ Fig	(--with-appdefaultdir)
  /usr/local/share/applications/ xfig.desktop	(--with-applicationsdir)
  /usr/local/share/pixmaps/ xfig.png	(--with-icondir)
  /usr/local/share/xfig/ Libraries (--datarootdir)
  /usr/local/share/doc/xfig/ html	(--htmldir)
  /usr/local/share/doc/xfig/ doc-files	(--docdir)

## ---------------- ##
## Cache variables. ##
## ---------------- ##

ac_cv_c_bigendian=no
ac_cv_c_compiler_gnu=yes
ac_cv_c_inline=inline
ac_cv_c_restrict=__restrict__
ac_cv_c_undeclared_builtin_options='none needed'
ac_cv_env_CC_set=
ac_cv_env_CC_value=
ac_cv_env_CFLAGS_set=
ac_cv_env_CFLAGS_value=
ac_cv_env_CPPFLAGS_set=set
ac_cv_env_CPPFLAGS_value=-I/opt/local/include
ac_cv_env_CPP_set=
ac_cv_env_CPP_value=
ac_cv_env_LDFLAGS_set=set
ac_cv_env_LDFLAGS_value=-L/opt/local/lib
ac_cv_env_LIBS_set=
ac_cv_env_LIBS_value=
ac_cv_env_XMKMF_set=
ac_cv_env_XMKMF_value=
ac_cv_env_build_alias_set=
ac_cv_env_build_alias_value=
ac_cv_env_host_alias_set=
ac_cv_env_host_alias_value=
ac_cv_env_target_alias_set=
ac_cv_env_target_alias_value=
ac_cv_func_fork=yes
ac_cv_func_fork_works=yes
ac_cv_func_getcwd=yes
ac_cv_func_isascii=yes
ac_cv_func_setlocale=yes
ac_cv_func_strcasecmp=yes
ac_cv_func_strchr=yes
ac_cv_func_strdup=yes
ac_cv_func_strerror=yes
ac_cv_func_strncasecmp=yes
ac_cv_func_strndup=yes
ac_cv_func_strrchr=yes
ac_cv_func_strstr=yes
ac_cv_func_vfork=yes
ac_cv_func_vfork_works=yes
ac_cv_have_decl_REG_NOERROR=no
ac_cv_have_decl_S_IFDIR=yes
ac_cv_have_decl_S_IWRITE=yes
ac_cv_have_x='have_x=yes	ac_x_includes='\'''\''	ac_x_libraries='\'''\'''
ac_cv_header_X11_X_h=yes
ac_cv_header_dirent_dirent_h=yes
ac_cv_header_ghostscript_iapi_h=yes
ac_cv_header_inttypes_h=yes
ac_cv_header_jpeglib_h=yes
ac_cv_header_png_h=yes
ac_cv_header_stdint_h=yes
ac_cv_header_stdio_h=yes
ac_cv_header_stdlib_h=yes
ac_cv_header_string_h=yes
ac_cv_header_strings_h=yes
ac_cv_header_sys_stat_h=yes
ac_cv_header_sys_time_h=yes
ac_cv_header_sys_types_h=yes
ac_cv_header_tiffio_h=yes
ac_cv_header_unistd_h=yes
ac_cv_header_vfork_h=no
ac_cv_objext=o
ac_cv_path_FGREP='/usr/bin/grep -F'
ac_cv_path_GREP=/usr/bin/grep
ac_cv_path_SED=/usr/bin/sed
ac_cv_path_install='/usr/bin/install -c'
ac_cv_prog_AWK=awk
ac_cv_prog_CPP='gcc -E'
ac_cv_prog_ac_ct_AR=ar
ac_cv_prog_ac_ct_CC=gcc
ac_cv_prog_ac_ct_RANLIB=ranlib
ac_cv_prog_cc_c11=
ac_cv_prog_cc_g=yes
ac_cv_prog_cc_stdc=
ac_cv_prog_make_make_set=yes
ac_cv_search_TIFFOpen=-ltiff
ac_cv_search_XpmFree=-lXpm
ac_cv_search_gsapi_revision=-lgs
ac_cv_search_jpeg_read_header=-ljpeg
ac_cv_search_opendir='none required'
ac_cv_search_png_read_info=-lpng
ac_cv_search_pow='none required'
ac_cv_type_pid_t=yes
ac_cv_type_size_t=yes
am_cv_CC_dependencies_compiler_type=gcc3
am_cv_ar_interface=ar
am_cv_make_support_nested_variables=yes
am_cv_prog_cc_c_o=yes
ax_cv_check_ldflags___Wl___allow_multiple_definition=no

## ----------------- ##
## Output variables. ##
## ----------------- ##

ACLOCAL='${SHELL} '\''/Users/gcutchin/Desktop/xfig-3.2.8b/missing'\'' aclocal-1.16'
ALLOW_MULTIPLE_DEFINITION_FALSE=''
ALLOW_MULTIPLE_DEFINITION_TRUE='#'
AMDEPBACKSLASH='\'
AMDEP_FALSE='#'
AMDEP_TRUE=''
AMTAR='$${TAR-tar}'
AM_BACKSLASH='\'
AM_DEFAULT_V='$(AM_DEFAULT_VERBOSITY)'
AM_DEFAULT_VERBOSITY='1'
AM_V='$(V)'
APPDEFAULTDIR='/opt/X11/share/X11/app-defaults'
APPLICATIONSDIR='/usr/local/share/applications'
AR='ar'
AUTOCONF='${SHELL} '\''/Users/gcutchin/Desktop/xfig-3.2.8b/missing'\'' autoconf'
AUTOHEADER='${SHELL} '\''/Users/gcutchin/Desktop/xfig-3.2.8b/missing'\'' autoheader'
AUTOM4TE='${SHELL} '\''/Users/gcutchin/Desktop/xfig-3.2.8b/missing'\'' autom4te'
AUTOMAKE='${SHELL} '\''/Users/gcutchin/Desktop/xfig-3.2.8b/missing'\'' automake-1.16'
AWK='awk'
CC='gcc'
CCDEPMODE='depmode=gcc3'
CFLAGS='-g -O2'
COMPKEYDBDIR='/usr/local/share/xfig'
CPP='gcc -E'
CPPFLAGS='-I/opt/local/include'
CYGPATH_W='echo'
DEFS='-DHAVE_CONFIG_H'
DEPDIR='.deps'
DOCDIR='/usr/local/share/doc/xfig'
ECHO_C='\c'
ECHO_N=''
ECHO_T=''
ENABLE_VERSIONING_FALSE=''
ENABLE_VERSIONING_TRUE='#'
EXEEXT=''
FGREP='/usr/bin/grep -F'
GREP='/usr/bin/grep'
GSEXE='gs'
HAVE_JPEG_FALSE='#'
HAVE_JPEG_TRUE=''
HAVE_PNG_FALSE='#'
HAVE_PNG_TRUE=''
HAVE_TIFF_FALSE='#'
HAVE_TIFF_TRUE=''
HTMLDIR='/usr/local/share/doc/xfig'
I18N_FALSE='#'
I18N_TRUE=''
ICONDIR='/usr/local/share/pixmaps'
INSTALL_DATA='${INSTALL} -m 644'
INSTALL_PROGRAM='${INSTALL}'
INSTALL_SCRIPT='${INSTALL}'
INSTALL_STRIP_PROGRAM='$(install_sh) -c -s'
LDFLAGS='-L/opt/local/lib'
LIBOBJS=''
LIBS='-lXpm -lgs -ltiff -lpng -ljpeg '
LN_S='ln -s'
LTLIBOBJS=''
MAKEINFO='${SHELL} '\''/Users/gcutchin/Desktop/xfig-3.2.8b/missing'\'' makeinfo'
MKDIR_P='./install-sh -c -d'
OBJEXT='o'
PACKAGE='xfig'
PACKAGE_BUGREPORT='thomas.loimer@tuwien.ac.at'
PACKAGE_NAME='xfig'
PACKAGE_STRING='xfig 3.2.8b'
PACKAGE_TARNAME='xfig'
PACKAGE_URL='https://sourceforge.net/projects/mcj/'
PACKAGE_VERSION='3.2.8b'
PATH_SEPARATOR=':'
PKGDATADIR='/usr/local/share/xfig'
RANLIB='ranlib'
RELEASE_DATE='Aug 2021'
RELEASE_YEAR='2021'
SED='/usr/bin/sed'
SET_MAKE=''
SHELL='/bin/sh'
STRIP=''
The ghostscript executable is not needed, it is only called as a fallback-solution.'
USE_SPLASH_FALSE=''
USE_SPLASH_TRUE='#'
USE_XPM_FALSE='#'
USE_XPM_TRUE=''
VERSION='3.2.8b'
XAW3D1_5E_FALSE='#'
XAW3D1_5E_TRUE=''
XCPPFLAGS='-DXAW_INTERNATIONALIZATION'
XFIG_LIBRARIES_FALSE='#'
XFIG_LIBRARIES_TRUE=''
XLDFLAGS=''
XLIBS='-lXaw3d -lXt -lX11'
XMKMF=''
ac_ct_AR='ar'
ac_ct_CC='gcc'
am__EXEEXT_FALSE=''
am__EXEEXT_TRUE='#'
am__fastdepCC_FALSE='#'
am__fastdepCC_TRUE=''
am__include='include'
am__isrc=''
am__leading_dot='.'
am__nodep='_no'
am__quote=''
am__tar='$${TAR-tar} chof - "$$tardir"'
am__untar='$${TAR-tar} xf -'
appdefaultdir='/opt/X11/share/X11/app-defaults'
applicationsdir='${datarootdir}/applications'
bindir='${exec_prefix}/bin'
build_alias=''
compkeydbdir='${datadir}/xfig'
datadir='${datarootdir}'
datarootdir='${prefix}/share'
docdir='${datarootdir}/doc/${PACKAGE_TARNAME}'
dvidir='${docdir}'
exec_prefix='${prefix}'
gsman='This version of xfig links into the ghostscript library.
host_alias=''
htmldir='${docdir}'
icondir='${datarootdir}/pixmaps'
includedir='${prefix}/include'
infodir='${datarootdir}/info'
install_sh='${SHELL} /Users/gcutchin/Desktop/xfig-3.2.8b/install-sh'
libdir='${exec_prefix}/lib'
libexecdir='${exec_prefix}/libexec'
localedir='${datarootdir}/locale'
localstatedir='${prefix}/var'
mandir='${datarootdir}/man'
mkdir_p='$(MKDIR_P)'
oldincludedir='/usr/include'
pdfdir='${docdir}'
prefix='/usr/local'
program_transform_name='s,x,x,'
psdir='${docdir}'
runstatedir='${localstatedir}/run'
sbindir='${exec_prefix}/sbin'
sharedstatedir='${prefix}/com'
sysconfdir='${prefix}/etc'
target_alias=''

## ----------- ##
## confdefs.h. ##
## ----------- ##

/* confdefs.h */
#define PACKAGE_NAME "xfig"
#define PACKAGE_TARNAME "xfig"
#define PACKAGE_VERSION "3.2.8b"
#define PACKAGE_STRING "xfig 3.2.8b"
#define PACKAGE_BUGREPORT "thomas.loimer@tuwien.ac.at"
#define PACKAGE_URL "https://sourceforge.net/projects/mcj/"
#define PROTOCOL_VERSION "3.2"
#define RELEASE_YEAR "2021"
#define PACKAGE "xfig"
#define VERSION "3.2.8b"
#define HAVE_DIRENT_H 1
#define HAVE_STDIO_H 1
#define HAVE_STDLIB_H 1
#define HAVE_STRING_H 1
#define HAVE_INTTYPES_H 1
#define HAVE_STDINT_H 1
#define HAVE_STRINGS_H 1
#define HAVE_SYS_STAT_H 1
#define HAVE_SYS_TYPES_H 1
#define HAVE_UNISTD_H 1
#define HAVE_SYS_TIME_H 1
#define STDC_HEADERS 1
#define HAVE_JPEG 1
#define HAVE_PNG 1
#define HAVE_TIFF 1
#define HAVE_GSLIB 1
#define restrict __restrict__
#define HAVE_DECL_S_IFDIR 1
#define HAVE_DECL_S_IWRITE 1
#define REG_NOERROR 0
#define HAVE_FORK 1
#define HAVE_VFORK 1
#define HAVE_GETCWD 1
#define HAVE_SETLOCALE 1
#define HAVE_STRERROR 1
#define HAVE_WORKING_VFORK 1
#define HAVE_WORKING_FORK 1
#define HAVE_ISASCII 1
#define HAVE_STRSTR 1
#define HAVE_STRCHR 1
#define HAVE_STRRCHR 1
#define HAVE_STRCASECMP 1
#define HAVE_STRNCASECMP 1
#define HAVE_STRDUP 1
#define HAVE_STRNDUP 1
#define ARROWS4TO14 1
#define I18N 1
#define I18N_USE_PREEDIT 1
#define GSEXE "gs"
#define CACHE_SIZE_LIMIT 20000
#define USE_XPM 1
#define XAW3D 1
#define XAW3D1_5E 1
#define COMP_LED 3
#define PRINTCAP "/etc/printcap"

configure: exit 0
